Exact Audio Copy V0.99 prebeta 5 from 4. May 2009

EAC extraction logfile from 31. October 2009, 2:46

Foo Fighters / Greatest Hits

Used drive  : ASUS    DRW-1814BL   Adapter: 3  ID: 1

Read mode               : Secure
Utilize accurate stream : Yes
Defeat audio cache      : No
Make use of C2 pointers : No

Read offset correction                      : 6
Overread into Lead-In and Lead-Out          : No
Fill up missing offset samples with silence : Yes
Delete leading and trailing silent blocks   : No
Null samples used in CRC calculations       : No
Used interface                              : Native Win32 interface for Win NT & 2000
Gap handling                                : Appended to previous track

Used output format              : User Defined Encoder
Selected bitrate                : 320 kBit/s
Quality                         : High
Add ID3 tag                     : Yes
Command line compressor         : C:\Program Files\MediaCoder\codecs\LAME.EXE
Additional command line options : %l-V 5%l%h-V 0%h --vbr-new %s %d


TOC of the extracted CD

     Track |   Start  |  Length  | Start sector | End sector 
    ---------------------------------------------------------
        1  |  0:00.00 |  4:24.16 |         0    |    19815   
        2  |  4:24.16 |  4:16.08 |     19816    |    39023   
        3  |  8:40.24 |  4:10.07 |     39024    |    57780   
        4  | 12:50.31 |  4:27.27 |     57781    |    77832   
        5  | 17:17.58 |  4:18.73 |     77833    |    97255   
        6  | 21:36.56 |  3:56.20 |     97256    |   114975   
        7  | 25:33.01 |  4:27.73 |    114976    |   135073   
        8  | 30:00.74 |  3:52.60 |    135074    |   152533   
        9  | 33:53.59 |  2:14.23 |    152534    |   162606   
       10  | 36:08.07 |  3:21.61 |    162607    |   177742   
       11  | 39:29.68 |  3:48.28 |    177743    |   194870   
       12  | 43:18.21 |  3:54.55 |    194871    |   212475   
       13  | 47:13.01 |  4:03.50 |    212476    |   230750   
       14  | 51:16.51 |  4:38.16 |    230751    |   251616   
       15  | 55:54.67 |  3:48.44 |    251617    |   268760   
       16  | 59:43.36 |  4:10.68 |    268761    |   287578   


Track  1

     Filename C:\Documents and Settings\J.MQ.. Bubanee\Desktop\Foo Fighters - Greatest Hits CDRip 2009 [Cov+CD][Bubanee]\01. All My Life - Foo Fighters.wav

     Pre-gap length  0:00:02.00

     Peak level 98.8 %
     Track quality 100.0 %
     Copy CRC 68ABADA5
     Track not present in AccurateRip database
     Copy OK

Track  2

     Filename C:\Documents and Settings\J.MQ.. Bubanee\Desktop\Foo Fighters - Greatest Hits CDRip 2009 [Cov+CD][Bubanee]\02. Best of You - Foo Fighters.wav

     Peak level 100.0 %
     Track quality 100.0 %
     Copy CRC 60F20491
     Track not present in AccurateRip database
     Copy OK

Track  3

     Filename C:\Documents and Settings\J.MQ.. Bubanee\Desktop\Foo Fighters - Greatest Hits CDRip 2009 [Cov+CD][Bubanee]\03. Everlong - Foo Fighters.wav

     Pre-gap length  0:04:16.08

     Peak level 100.0 %
     Track quality 100.0 %
     Copy CRC 1F11B406
     Track not present in AccurateRip database
     Copy OK

Track  4

     Filename C:\Documents and Settings\J.MQ.. Bubanee\Desktop\Foo Fighters - Greatest Hits CDRip 2009 [Cov+CD][Bubanee]\04. The Pretender - Foo Fighters.wav

     Pre-gap length  0:08:26.15

     Peak level 91.5 %
     Track quality 100.0 %
     Copy CRC 2382BF8B
     Track not present in AccurateRip database
     Copy OK

Track  5

     Filename C:\Documents and Settings\J.MQ.. Bubanee\Desktop\Foo Fighters - Greatest Hits CDRip 2009 [Cov+CD][Bubanee]\05. My Hero - Foo Fighters.wav

     Pre-gap length  0:12:53.42

     Peak level 100.0 %
     Track quality 99.9 %
     Copy CRC A940F2AB
     Track not present in AccurateRip database
     Copy OK

Track  6

     Filename C:\Documents and Settings\J.MQ.. Bubanee\Desktop\Foo Fighters - Greatest Hits CDRip 2009 [Cov+CD][Bubanee]\06. Learn to Fly - Foo Fighters.wav

     Pre-gap length  0:17:12.40

     Peak level 99.5 %
     Track quality 100.0 %
     Copy CRC DEE4B35A
     Track not present in AccurateRip database
     Copy OK

Track  7

     Filename C:\Documents and Settings\J.MQ.. Bubanee\Desktop\Foo Fighters - Greatest Hits CDRip 2009 [Cov+CD][Bubanee]\07. Times Like These - Foo Fighters.wav

     Pre-gap length  0:21:08.60

     Peak level 97.6 %
     Track quality 99.9 %
     Copy CRC 51CFFF75
     Track not present in AccurateRip database
     Copy OK

Track  8

     Filename C:\Documents and Settings\J.MQ.. Bubanee\Desktop\Foo Fighters - Greatest Hits CDRip 2009 [Cov+CD][Bubanee]\08. Monkey Wrench - Foo Fighters.wav

     Pre-gap length  0:25:36.58

     Peak level 99.9 %
     Track quality 100.0 %
     Copy CRC 7807D610
     Track not present in AccurateRip database
     Copy OK

Track  9

     Filename C:\Documents and Settings\J.MQ.. Bubanee\Desktop\Foo Fighters - Greatest Hits CDRip 2009 [Cov+CD][Bubanee]\09. Big Me - Foo Fighters.wav

     Pre-gap length  0:29:29.43

     Peak level 99.9 %
     Track quality 100.0 %
     Copy CRC 46099010
     Track not present in AccurateRip database
     Copy OK

Track 10

     Filename C:\Documents and Settings\J.MQ.. Bubanee\Desktop\Foo Fighters - Greatest Hits CDRip 2009 [Cov+CD][Bubanee]\10. Breakout - Foo Fighters.wav

     Pre-gap length  0:31:43.66

     Peak level 97.7 %
     Track quality 100.0 %
     Copy CRC C7DE4514
     Track not present in AccurateRip database
     Copy OK

Track 11

     Filename C:\Documents and Settings\J.MQ.. Bubanee\Desktop\Foo Fighters - Greatest Hits CDRip 2009 [Cov+CD][Bubanee]\11. Long Road to Ruin - Foo Fighters.wav

     Pre-gap length  0:35:05.52

     Peak level 87.3 %
     Track quality 100.0 %
     Copy CRC A1F7C7EB
     Track not present in AccurateRip database
     Copy OK

Track 12

     Filename C:\Documents and Settings\J.MQ.. Bubanee\Desktop\Foo Fighters - Greatest Hits CDRip 2009 [Cov+CD][Bubanee]\12. This is a Call - Foo Fighters.wav

     Pre-gap length  0:38:54.05

     Peak level 99.9 %
     Track quality 100.0 %
     Copy CRC 27E26D7C
     Track not present in AccurateRip database
     Copy OK

Track 13

     Filename C:\Documents and Settings\J.MQ.. Bubanee\Desktop\Foo Fighters - Greatest Hits CDRip 2009 [Cov+CD][Bubanee]\13. Skin and Bones - Foo Fighters.wav

     Pre-gap length  0:42:48.60

     Peak level 100.0 %
     Track quality 100.0 %
     Copy CRC 34D213D5
     Track not present in AccurateRip database
     Copy OK

Track 14

     Filename C:\Documents and Settings\J.MQ.. Bubanee\Desktop\Foo Fighters - Greatest Hits CDRip 2009 [Cov+CD][Bubanee]\14. Wheels - Foo Fighters.wav

     Pre-gap length  0:46:52.35

     Peak level 99.9 %
     Track quality 100.0 %
     Copy CRC 4EBCD1E1
     Track not present in AccurateRip database
     Copy OK

Track 15

     Filename C:\Documents and Settings\J.MQ.. Bubanee\Desktop\Foo Fighters - Greatest Hits CDRip 2009 [Cov+CD][Bubanee]\15. Word Forward - Foo Fighters.wav

     Pre-gap length  0:51:30.51

     Peak level 98.8 %
     Track quality 100.0 %
     Copy CRC 120873F2
     Track not present in AccurateRip database
     Copy OK

Track 16

     Filename C:\Documents and Settings\J.MQ.. Bubanee\Desktop\Foo Fighters - Greatest Hits CDRip 2009 [Cov+CD][Bubanee]\16. Everlong (Acoustic) - Foo Fighters.wav

     Pre-gap length  0:55:19.20

     Peak level 79.4 %
     Track quality 99.9 %
     Copy CRC 5A556472
     Track not present in AccurateRip database
     Copy OK


None of the tracks are present in the AccurateRip database

No errors occurred

End of status report
